2020-12-22 14:35:26,069 INFO org.springframework.boot.StartupInfoLogger [restartedMain] Starting StoreManagementApplication using Java 11.0.2 on Troliste with PID 5904 (E:\DevOps\store-management\target\classes started by Troliste in E:\DevOps)
2020-12-22 14:35:26,070 DEBUG org.springframework.boot.StartupInfoLogger [restartedMain] Running with Spring Boot v2.4.1, Spring v5.3.2
2020-12-22 14:35:26,070 INFO org.springframework.boot.SpringApplication [restartedMain] No active profile set, falling back to default profiles: default
2020-12-22 14:35:27,164 INFO org.springframework.boot.StartupInfoLogger [restartedMain] Started StoreManagementApplication in 1.135 seconds (JVM running for 1205.741)
2020-12-22 14:36:54,453 DEBUG tn.iit.storemanagement.web.rest.MedicamentResource [http-nio-8085-exec-6] Getting Medicament 1
2020-12-22 14:36:54,472 DEBUG tn.iit.storemanagement.web.rest.MedicamentResource [http-nio-8085-exec-1] Getting Medicament 2
2020-12-22 14:38:42,856 INFO org.springframework.boot.StartupInfoLogger [restartedMain] Starting StoreManagementApplication using Java 11.0.2 on Troliste with PID 5904 (E:\DevOps\store-management\target\classes started by Troliste in E:\DevOps)
2020-12-22 14:38:42,856 DEBUG org.springframework.boot.StartupInfoLogger [restartedMain] Running with Spring Boot v2.4.1, Spring v5.3.2
2020-12-22 14:38:42,857 INFO org.springframework.boot.SpringApplication [restartedMain] No active profile set, falling back to default profiles: default
2020-12-22 14:38:43,997 INFO org.springframework.boot.StartupInfoLogger [restartedMain] Started StoreManagementApplication in 1.205 seconds (JVM running for 1402.574)
2020-12-22 14:40:37,045 DEBUG tn.iit.storemanagement.web.rest.MedicamentResource [http-nio-8085-exec-10] Getting all medicaments
2020-12-22 14:40:43,441 DEBUG tn.iit.storemanagement.web.rest.MedicamentResource [http-nio-8085-exec-3] Getting Medicament 5
2020-12-22 14:44:05,795 INFO org.springframework.boot.StartupInfoLogger [restartedMain] Starting StoreManagementApplication using Java 11.0.2 on Troliste with PID 5904 (E:\DevOps\store-management\target\classes started by Troliste in E:\DevOps)
2020-12-22 14:44:05,795 DEBUG org.springframework.boot.StartupInfoLogger [restartedMain] Running with Spring Boot v2.4.1, Spring v5.3.2
2020-12-22 14:44:05,796 INFO org.springframework.boot.SpringApplication [restartedMain] No active profile set, falling back to default profiles: default
2020-12-22 14:44:07,074 INFO org.springframework.boot.StartupInfoLogger [restartedMain] Started StoreManagementApplication in 1.343 seconds (JVM running for 1725.651)
2020-12-22 14:44:58,775 DEBUG tn.iit.storemanagement.web.rest.MedicamentResource [http-nio-8085-exec-8] Getting all medicaments
2020-12-22 14:45:17,862 DEBUG tn.iit.storemanagement.web.rest.MedicamentResource [http-nio-8085-exec-7] Getting all medicaments
2020-12-22 17:46:12,960 INFO org.springframework.boot.StartupInfoLogger [restartedMain] Starting StoreManagementApplication using Java 11.0.2 on Troliste with PID 5904 (E:\DevOps\store-management\target\classes started by Troliste in E:\DevOps)
2020-12-22 17:46:12,960 DEBUG org.springframework.boot.StartupInfoLogger [restartedMain] Running with Spring Boot v2.4.1, Spring v5.3.2
2020-12-22 17:46:12,961 INFO org.springframework.boot.SpringApplication [restartedMain] No active profile set, falling back to default profiles: default
2020-12-22 17:46:15,626 INFO org.springframework.boot.StartupInfoLogger [restartedMain] Started StoreManagementApplication in 2.803 seconds (JVM running for 12652.453)
2020-12-22 17:47:15,652 INFO org.springframework.boot.StartupInfoLogger [restartedMain] Starting StoreManagementApplication using Java 11.0.2 on Troliste with PID 3708 (E:\DevOps\store-management\target\classes started by Troliste in E:\DevOps)
2020-12-22 17:47:15,660 DEBUG org.springframework.boot.StartupInfoLogger [restartedMain] Running with Spring Boot v2.4.1, Spring v5.3.2
2020-12-22 17:47:15,662 INFO org.springframework.boot.SpringApplication [restartedMain] No active profile set, falling back to default profiles: default
2020-12-22 17:47:21,601 INFO org.springframework.boot.StartupInfoLogger [restartedMain] Started StoreManagementApplication in 6.626 seconds (JVM running for 8.37)
2020-12-22 17:48:07,643 DEBUG tn.iit.storemanagement.web.rest.MedicamentResource [http-nio-8085-exec-1] Getting Medicament 1
2020-12-22 17:48:07,772 DEBUG tn.iit.storemanagement.web.rest.MedicamentResource [http-nio-8085-exec-2] Getting Medicament 2
2020-12-22 17:49:07,622 DEBUG tn.iit.storemanagement.web.rest.MedicamentResource [http-nio-8085-exec-3] Getting Medicament 1
2020-12-22 17:49:07,634 DEBUG tn.iit.storemanagement.web.rest.MedicamentResource [http-nio-8085-exec-4] Getting Medicament 2
